<?xml version="1.0" encoding="UTF-8"?>
<!-- Generated by org.testng.reporters.JUnitXMLReporter -->
<testsuite ignored="8" hostname="ip-192-168-4-165.us-east-2.compute.internal" failures="1" tests="1" name="Donations PAYPAL" time="132.304" errors="0" timestamp="2022-03-03T17:22:44 EST">
  <testcase classname="com.fnoor.FundraisingTest.PAYPAL" name="paypalCardinalComSingle3D" time="128.71">
    <failure type="org.openqa.selenium.TimeoutException" message="Expected condition failed: waiting for frame to be available: Cardinal-CCA-IFrame (tried for 30 second(s) with 500 milliseconds interval)
Build info: version: &amp;apos;3.141.59&amp;apos;, revision: &amp;apos;e82be7d358&amp;apos;, time: &amp;apos;2018-11-14T08:17:03&amp;apos;
System info: host: &amp;apos;ip-192-168-4-165.us-east-2.compute.internal&amp;apos;, ip: &amp;apos;fe80:0:0:0:1c9e:ea31:5d7c:f2c0%en0&amp;apos;, os.name: &amp;apos;Mac OS X&amp;apos;, os.arch: &amp;apos;aarch64&amp;apos;, os.version: &amp;apos;12.2.1&amp;apos;, java.version: &amp;apos;17&amp;apos;
Driver info: org.openqa.selenium.chrome.ChromeDriver
Capabilities {acceptInsecureCerts: false, browserName: chrome, browserVersion: 98.0.4758.109, chrome: {chromedriverVersion: 97.0.4692.71 (adefa7837d02a..., userDataDir: /var/folders/fx/6zl54gyd2qd...}, goog:chromeOptions: {debuggerAddress: localhost:52862}, javascriptEnabled: true, networkConnectionEnabled: false, pageLoadStrategy: normal, platform: MAC, platformName: MAC, proxy: Proxy(), setWindowRect: true, strictFileInteractability: false, timeouts: {implicit: 0, pageLoad: 300000, script: 30000}, unhandledPromptBehavior: dismiss and notify, webauthn:extension:credBlob: true, webauthn:extension:largeBlob: true, webauthn:virtualAuthenticators: true}
Session ID: 04e1d1f23d5329e16c46a66010854e55">
      <![CDATA[org.openqa.selenium.TimeoutException: Expected condition failed: waiting for frame to be available: Cardinal-CCA-IFrame (tried for 30 second(s) with 500 milliseconds interval)
Build info: version: '3.141.59', revision: 'e82be7d358', time: '2018-11-14T08:17:03'
System info: host: 'ip-192-168-4-165.us-east-2.compute.internal', ip: 'fe80:0:0:0:1c9e:ea31:5d7c:f2c0%en0', os.name: 'Mac OS X', os.arch: 'aarch64', os.version: '12.2.1', java.version: '17'
Driver info: org.openqa.selenium.chrome.ChromeDriver
Capabilities {acceptInsecureCerts: false, browserName: chrome, browserVersion: 98.0.4758.109, chrome: {chromedriverVersion: 97.0.4692.71 (adefa7837d02a..., userDataDir: /var/folders/fx/6zl54gyd2qd...}, goog:chromeOptions: {debuggerAddress: localhost:52862}, javascriptEnabled: true, networkConnectionEnabled: false, pageLoadStrategy: normal, platform: MAC, platformName: MAC, proxy: Proxy(), setWindowRect: true, strictFileInteractability: false, timeouts: {implicit: 0, pageLoad: 300000, script: 30000}, unhandledPromptBehavior: dismiss and notify, webauthn:extension:credBlob: true, webauthn:extension:largeBlob: true, webauthn:virtualAuthenticators: true}
Session ID: 04e1d1f23d5329e16c46a66010854e55
at org.openqa.selenium.support.ui.WebDriverWait.timeoutException(WebDriverWait.java:95)
at org.openqa.selenium.support.ui.FluentWait.until(FluentWait.java:272)
at com.fnoor.FundraisingTest.PAYPAL.paypalCardinalComSingle3D(PAYPAL.java:367)
at java.base/java.util.ArrayList.forEach(ArrayList.java:1511)
... Removed 31 stack frames]]>
    </failure>
  </testcase> <!-- paypalCardinalComSingle3D -->
  <testcase classname="com.fnoor.FundraisingTest.PAYPAL" name="payViaPayPalRecurring" time="0.0">
    <ignored/>
  </testcase> <!-- payViaPayPalRecurring -->
  <testcase classname="com.fnoor.FundraisingTest.PAYPAL" name="paypalPaymentsProSingle" time="0.0">
    <ignored/>
  </testcase> <!-- paypalPaymentsProSingle -->
  <testcase classname="com.fnoor.FundraisingTest.PAYPAL" name="paypalViaPayPalCardinalComSingle3D" time="0.0">
    <ignored/>
  </testcase> <!-- paypalViaPayPalCardinalComSingle3D -->
  <testcase classname="com.fnoor.FundraisingTest.PAYPAL" name="payViaPayPalSingle" time="0.0">
    <ignored/>
  </testcase> <!-- payViaPayPalSingle -->
  <testcase classname="com.fnoor.FundraisingTest.PAYPAL" name="paypalCardinalComRecurring3D" time="0.0">
    <ignored/>
  </testcase> <!-- paypalCardinalComRecurring3D -->
  <testcase classname="com.fnoor.FundraisingTest.PAYPAL" name="payPalPaymentsProRecurring" time="0.0">
    <ignored/>
  </testcase> <!-- payPalPaymentsProRecurring -->
  <testcase classname="com.fnoor.FundraisingTest.PAYPAL" name="stripeViaPaypalSingle" time="0.0">
    <ignored/>
  </testcase> <!-- stripeViaPaypalSingle -->
  <testcase classname="com.fnoor.FundraisingTest.PAYPAL" name="payViaPayPalDtDFee" time="0.0">
    <ignored/>
  </testcase> <!-- payViaPayPalDtDFee -->
</testsuite> <!-- Donations PAYPAL -->
